TN:
SF:database/config/config.js
FNF:0
FNH:0
DA:1,5
LF:1
LH:1
BRF:0
BRH:0
end_of_record
TN:
SF:src/controllers/entryController.js
FN:6,(anonymous_0)
FN:17,(anonymous_1)
FN:24,(anonymous_2)
FN:35,(anonymous_3)
FN:46,(anonymous_4)
FNF:5
FNH:3
FNDA:4,(anonymous_0)
FNDA:0,(anonymous_1)
FNDA:0,(anonymous_2)
FNDA:2,(anonymous_3)
FNDA:2,(anonymous_4)
DA:2,3
DA:3,3
DA:4,3
DA:6,3
DA:7,4
DA:8,4
DA:9,4
DA:10,1
DA:13,3
DA:17,3
DA:18,0
DA:19,0
DA:22,0
DA:23,0
DA:24,0
DA:25,0
DA:27,0
DA:28,0
DA:31,0
DA:35,3
DA:36,2
DA:37,2
DA:38,2
DA:39,1
DA:42,1
DA:46,3
DA:47,2
DA:48,2
DA:49,2
DA:50,1
DA:53,1
DA:57,3
LF:32
LH:23
BRDA:25,0,0,0
BRDA:25,0,1,0
BRF:2
BRH:0
end_of_record
TN:
SF:src/models/entry.js
FN:1,(anonymous_0)
FN:9,(anonymous_1)
FNF:2
FNH:2
FNDA:5,(anonymous_0)
FNDA:5,(anonymous_1)
DA:1,5
DA:2,5
DA:9,5
DA:11,5
DA:18,5
LF:5
LH:5
BRF:0
BRH:0
end_of_record
TN:
SF:src/models/field.js
FN:1,(anonymous_0)
FN:13,(anonymous_1)
FNF:2
FNH:2
FNDA:5,(anonymous_0)
FNDA:5,(anonymous_1)
DA:1,5
DA:2,5
DA:13,5
DA:15,5
DA:22,5
LF:5
LH:5
BRF:0
BRH:0
end_of_record
TN:
SF:src/models/index.js
FN:21,(anonymous_0)
FN:29,(anonymous_1)
FN:34,(anonymous_2)
FNF:3
FNH:3
FNDA:20,(anonymous_0)
FNDA:15,(anonymous_1)
FNDA:15,(anonymous_2)
DA:3,5
DA:4,5
DA:5,5
DA:6,5
DA:7,5
DA:8,5
DA:9,5
DA:10,5
DA:13,5
DA:14,0
DA:16,5
DA:19,5
DA:22,20
DA:30,15
DA:31,15
DA:34,5
DA:35,15
DA:36,15
DA:40,5
DA:41,5
DA:43,5
LF:21
LH:20
BRDA:8,0,0,5
BRDA:8,0,1,0
BRDA:13,1,0,0
BRDA:13,1,1,5
BRDA:23,2,0,20
BRDA:23,2,1,20
BRDA:23,2,2,15
BRDA:23,2,3,15
BRDA:35,3,0,15
BRDA:35,3,1,0
BRF:10
BRH:7
end_of_record
TN:
SF:src/models/type.js
FN:1,(anonymous_0)
FN:9,(anonymous_1)
FNF:2
FNH:2
FNDA:5,(anonymous_0)
FNDA:5,(anonymous_1)
DA:1,5
DA:2,5
DA:9,5
DA:11,5
DA:16,5
DA:22,5
LF:6
LH:6
BRF:0
BRH:0
end_of_record
TN:
SF:src/services/entryService.js
FN:3,(anonymous_0)
FN:10,(anonymous_1)
FN:18,(anonymous_2)
FN:26,(anonymous_3)
FN:30,(anonymous_4)
FN:47,(anonymous_5)
FNF:6
FNH:6
FNDA:4,(anonymous_0)
FNDA:1,(anonymous_1)
FNDA:1,(anonymous_2)
FNDA:1,(anonymous_3)
FNDA:3,(anonymous_4)
FNDA:1,(anonymous_5)
DA:1,4
DA:3,4
DA:4,4
DA:7,2
DA:10,4
DA:11,1
DA:15,1
DA:18,4
DA:20,1
DA:22,1
DA:26,4
DA:28,1
DA:30,1
DA:31,3
DA:32,3
DA:33,3
DA:34,0
DA:36,3
DA:47,4
DA:48,1
DA:53,1
DA:55,4
LF:22
LH:21
BRDA:33,0,0,0
BRDA:33,0,1,3
BRF:2
BRH:1
end_of_record
TN:
SF:src/services/fieldService.js
FN:3,(anonymous_0)
FN:11,(anonymous_1)
FN:16,(anonymous_2)
FN:25,(anonymous_3)
FN:33,(anonymous_4)
FNF:5
FNH:5
FNDA:1,(anonymous_0)
FNDA:1,(anonymous_1)
FNDA:1,(anonymous_2)
FNDA:1,(anonymous_3)
FNDA:1,(anonymous_4)
DA:1,4
DA:3,4
DA:4,1
DA:8,1
DA:11,4
DA:12,1
DA:13,1
DA:16,4
DA:17,1
DA:22,1
DA:25,4
DA:27,1
DA:29,1
DA:33,4
DA:34,1
DA:39,1
DA:41,4
LF:17
LH:17
BRF:0
BRH:0
end_of_record
TN:
SF:src/utils/checkForSameArray.js
FN:1,(anonymous_0)
FNF:1
FNH:1
FNDA:2,(anonymous_0)
DA:1,4
DA:2,2
DA:3,0
DA:6,2
DA:7,6
DA:8,1
DA:12,1
DA:15,4
LF:8
LH:7
BRDA:2,0,0,0
BRDA:2,0,1,2
BRDA:7,1,0,1
BRDA:7,1,1,5
BRF:4
BRH:3
end_of_record
